<?xml version="1.0" encoding="UTF-8"?>
<!-- Generated by org.testng.reporters.JUnitReportReporter -->
<testsuite hostname="LAPTOP-3B7J3G9G" failures="0" tests="4" name="com.spacex.test.GetSpaceXLatestLaunches" time="13.348" errors="0" timestamp="2021-06-09T12:16:57 IST" skipped="0">
  <testcase classname="com.spacex.test.GetSpaceXLatestLaunches" name="getSpaceXLaunchLatestTest" time="7.516"/>
  <system-out/>
  <testcase classname="com.spacex.test.GetSpaceXLatestLaunches" name="getSpaceXInvalidURLTest" time="1.224"/>
  <system-out/>
  <testcase classname="com.spacex.test.GetSpaceXLatestLaunches" name="verifySpaceXLaunchDetailsTest" time="3.374"/>
  <system-out/>
  <testcase classname="com.spacex.test.GetSpaceXLatestLaunches" name="getSpaceXLaunchLatestWithHeader" time="1.234"/>
  <system-out/>
</testsuite> <!-- com.spacex.test.GetSpaceXLatestLaunches -->
