<?xml version="1.0" encoding="UTF-8"?>
<!-- Generated by org.testng.reporters.JUnitReportReporter -->
<testsuite hostname="LAPTOP-3B7J3G9G" failures="0" tests="1" name="getRequest.GetData" time="7.566" errors="0" timestamp="2021-06-08T23:59:02 IST" skipped="0">
  <testcase classname="getRequest.GetData" name="testResponse" time="7.566"/>
  <system-out/>
</testsuite> <!-- getRequest.GetData -->
