<?xml version="1.0" encoding="UTF-8"?>
<!-- Generated by org.testng.reporters.JUnitReportReporter -->
<testsuite hostname="LAPTOP-3B7J3G9G" failures="0" tests="4" name="getRequest.GetSpaceX" time="15.859" errors="0" timestamp="2021-06-09T11:56:54 IST" skipped="0">
  <testcase classname="getRequest.GetSpaceX" name="getSpaceXLaunchDetails" time="3.725"/>
  <system-out/>
  <testcase classname="getRequest.GetSpaceX" name="getSpaceXInvalidURL" time="9.854"/>
  <system-out/>
  <testcase classname="getRequest.GetSpaceX" name="getSpaceXLaunchLatest" time="0.988"/>
  <system-out/>
  <testcase classname="getRequest.GetSpaceX" name="getSpaceXLaunchLatestWithHeader" time="1.292"/>
  <system-out/>
</testsuite> <!-- getRequest.GetSpaceX -->
